Looking in indexes: https://pypi.org/simple, https://download.pytorch.org/whl/cpu
Collecting yfinance==0.2.40 (from -r requirements.txt (line 7))
  Using cached yfinance-0.2.40-py2.py3-none-any.whl.metadata (11 kB)
Collecting requests==2.31.0 (from -r requirements.txt (line 8))
  Using cached requests-2.31.0-py3-none-any.whl.metadata (4.6 kB)
Collecting newsapi-python==0.2.7 (from -r requirements.txt (line 9))
  Using cached newsapi_python-0.2.7-py2.py3-none-any.whl.metadata (1.2 kB)
Collecting pandas==2.2.2 (from -r requirements.txt (line 12))
  Using cached pandas-2.2.2.tar.gz (4.4 MB)
  Installing build dependencies: started
  Installing build dependencies: finished with status 'done'
  Getting requirements to build wheel: started
  Getting requirements to build wheel: finished with status 'done'
  Installing backend dependencies: started
  Installing backend dependencies: finished with status 'done'
  Preparing metadata (pyproject.toml): started
  Preparing metadata (pyproject.toml): finished with status 'error'
  error: subprocess-exited-with-error
  
  Preparing metadata (pyproject.toml) did not run successfully.
  exit code: 1
  
  [12 lines of output]
  + meson setup C:\Users\modha\AppData\Local\Temp\pip-install-uietzap9\pandas_81d7b574cf7f4fec989c72c85529d315 C:\Users\modha\AppData\Local\Temp\pip-install-uietzap9\pandas_81d7b574cf7f4fec989c72c85529d315\.mesonpy-ac4j0r_3\build -Dbuildtype=release -Db_ndebug=if-release -Db_vscrt=md --vsenv --native-file=C:\Users\modha\AppData\Local\Temp\pip-install-uietzap9\pandas_81d7b574cf7f4fec989c72c85529d315\.mesonpy-ac4j0r_3\build\meson-python-native-file.ini
  The Meson build system
  Version: 1.2.1
  Source dir: C:\Users\modha\AppData\Local\Temp\pip-install-uietzap9\pandas_81d7b574cf7f4fec989c72c85529d315
  Build dir: C:\Users\modha\AppData\Local\Temp\pip-install-uietzap9\pandas_81d7b574cf7f4fec989c72c85529d315\.mesonpy-ac4j0r_3\build
  Build type: native build
  Project name: pandas
  Project version: 2.2.2
  
  ..\..\meson.build:2:0: ERROR: Could not find C:\Program Files (x86)\Microsoft Visual Studio\Installer\vswhere.exe
  
  A full log can be found at C:\Users\modha\AppData\Local\Temp\pip-install-uietzap9\pandas_81d7b574cf7f4fec989c72c85529d315\.mesonpy-ac4j0r_3\build\meson-logs\meson-log.txt
  [end of output]
  
  note: This error originates from a subprocess, and is likely not a problem with pip.

[notice] A new release of pip is available: 25.3 -> 26.0.1
[notice] To update, run: D:\NSE_Data\venv\Scripts\python.exe -m pip install --upgrade pip
error: metadata-generation-failed

Encountered error while generating package metadata.

pandas

note: This is an issue with the package mentioned above, not pip.
hint: See above for details.
